\BOOKMARK [1][-]{section.1}{Einleitung}{}% 1
\BOOKMARK [1][-]{section.2}{Theoretische Grundlagen}{}% 2
\BOOKMARK [2][-]{subsection.2.1}{Wechselwirkung von Photonen mit Materie}{section.2}% 3
\BOOKMARK [2][-]{subsection.2.2}{Nachweis der -Strahlung mithilfe des Szintillationsz\344hlers}{section.2}% 4
\BOOKMARK [2][-]{subsection.2.3}{Zerfallsschema von Cobalt}{section.2}% 5
\BOOKMARK [2][-]{subsection.2.4}{Lebensdauer und Linienbreite}{section.2}% 6
\BOOKMARK [3][-]{subsubsection.2.4.1}{Dopplerverbreiterung}{subsection.2.4}% 7
\BOOKMARK [2][-]{subsection.2.5}{Resonanzabsorption}{section.2}% 8
\BOOKMARK [2][-]{subsection.2.6}{M\366\337bauer-Effekt}{section.2}% 9
\BOOKMARK [2][-]{subsection.2.7}{Gittermodelle}{section.2}% 10
\BOOKMARK [3][-]{subsubsection.2.7.1}{Einsteinmodell}{subsection.2.7}% 11
\BOOKMARK [3][-]{subsubsection.2.7.2}{Debyemodell}{subsection.2.7}% 12
\BOOKMARK [2][-]{subsection.2.8}{Modifikationen des \334bergangsspektrums}{section.2}% 13
\BOOKMARK [3][-]{subsubsection.2.8.1}{Isomerieverschiebung }{subsection.2.8}% 14
\BOOKMARK [3][-]{subsubsection.2.8.2}{Hyperfeinstrukturaufspaltung}{subsection.2.8}% 15
\BOOKMARK [2][-]{subsection.2.9}{Ger\344te und Signalformen}{section.2}% 16
\BOOKMARK [1][-]{section.3}{Versuchsaufbau und -Durchf\374hrung }{}% 17
\BOOKMARK [2][-]{subsection.3.1}{Eichung des MCA und Setzen des Energiefensters}{section.3}% 18
\BOOKMARK [2][-]{subsection.3.2}{Aufbau der Schaltung}{section.3}% 19
\BOOKMARK [2][-]{subsection.3.3}{Untergrundmessungen}{section.3}% 20
\BOOKMARK [2][-]{subsection.3.4}{Hauptmessungen}{section.3}% 21
\BOOKMARK [1][-]{section.4}{Auswertung}{}% 22
\BOOKMARK [2][-]{subsection.4.1}{Energieeichung des MCA}{section.4}% 23
\BOOKMARK [2][-]{subsection.4.2}{Berechnung des Compton-Untergrunds}{section.4}% 24
\BOOKMARK [2][-]{subsection.4.3}{Abschw\344chung durch Plexiglas}{section.4}% 25
\BOOKMARK [2][-]{subsection.4.4}{Umrechnung der Messwerte}{section.4}% 26
\BOOKMARK [2][-]{subsection.4.5}{Einlinienabsorber}{section.4}% 27
\BOOKMARK [3][-]{subsubsection.4.5.1}{Isomerieverschiebung}{subsection.4.5}% 28
\BOOKMARK [3][-]{subsubsection.4.5.2}{Linienbreite und Lebensdauer}{subsection.4.5}% 29
\BOOKMARK [3][-]{subsubsection.4.5.3}{Debye-Waller-Faktor}{subsection.4.5}% 30
\BOOKMARK [2][-]{subsection.4.6}{Sechslinienabsorber}{section.4}% 31
\BOOKMARK [3][-]{subsubsection.4.6.1}{Hyperfeinaufspaltung}{subsection.4.6}% 32
\BOOKMARK [3][-]{subsubsection.4.6.2}{Isomerieverschiebung}{subsection.4.6}% 33
\BOOKMARK [3][-]{subsubsection.4.6.3}{Magnetisches Moment}{subsection.4.6}% 34
\BOOKMARK [3][-]{subsubsection.4.6.4}{Magnetische Feldst\344rke}{subsection.4.6}% 35
\BOOKMARK [1][-]{section.5}{Zusammenfassung und Diskussion }{}% 36
\BOOKMARK [2][-]{subsection.5.1}{Eichung und Korrekturmessungen}{section.5}% 37
\BOOKMARK [2][-]{subsection.5.2}{Einlinienabsorber}{section.5}% 38
\BOOKMARK [2][-]{subsection.5.3}{Sechslinienabsorber}{section.5}% 39
\BOOKMARK [1][-]{section.6}{Anhang}{}% 40
\BOOKMARK [2][-]{subsection.6.1}{Laborbuch}{section.6}% 41
\BOOKMARK [2][-]{subsection.6.2}{Spektren}{section.6}% 42
\BOOKMARK [2][-]{subsection.6.3}{Sourcecode}{section.6}% 43
\BOOKMARK [1][-]{section*.39}{Literatur}{}% 44
